<?xml version="1.0" encoding="utf-8"?><testsuites name="pytest tests"><testsuite name="pytest" errors="0" failures="0" skipped="0" tests="21" time="6.138" timestamp="2026-09-12T10:59:09.461224+00:00" hostname="agent-env-77c698f7-3cd9-4bbf-b001-d6939b0be2a8"><testcase classname="tests.backend_test.TestRBAC" name="test_student_cannot_list_containers" time="0.718" /><testcase classname="tests.backend_test.TestAuth" name="test_login_admin" time="0.717" /><testcase classname="tests.backend_test.TestRBAC" name="test_student_cannot_list_students" time="0.115" /><testcase classname="tests.backend_test.TestRBAC" name="test_student_cannot_view_analytics" time="0.250" /><testcase classname="tests.backend_test.TestAuth" name="test_login_staff" time="0.408" /><testcase classname="tests.backend_test.TestRBAC" name="test_admin_can_list_containers" time="0.627" /><testcase classname="tests.backend_test.TestAuth" name="test_login_student" time="0.581" /><testcase classname="tests.backend_test.TestAuth" name="test_me" time="0.115" /><testcase classname="tests.backend_test.TestAuth" name="test_bad_login" time="0.519" /><testcase classname="tests.backend_test.TestRBAC" name="test_staff_can_list_students" time="0.632" /><testcase classname="tests.backend_test.TestAuth" name="test_register_new_student" time="0.350" /><testcase classname="tests.backend_test.TestSettings" name="test_admin_get" time="0.350" /><testcase classname="tests.backend_test.TestStudentSelf" name="test_summary" time="0.146" /><testcase classname="tests.backend_test.TestSettings" name="test_staff_get" time="0.111" /><testcase classname="tests.backend_test.TestSettings" name="test_staff_cannot_put" time="0.115" /><testcase classname="tests.backend_test.TestStudentSelf" name="test_container" time="0.114" /><testcase classname="tests.backend_test.TestSettings" name="test_admin_put" time="0.121" /><testcase classname="tests.backend_test.TestStudentSelf" name="test_transactions" time="0.128" /><testcase classname="tests.backend_test.TestKioskFlow" name="test_full_return_flow" time="2.409" /><testcase classname="tests.backend_test.TestStudentSelf" name="test_returns" time="0.126" /><testcase classname="tests.backend_test.TestAnalytics" name="test_dashboard" time="0.124" /></testsuite></testsuites>