<?xml version="1.0" encoding="utf-8"?><testsuites name="pytest tests"><testsuite name="pytest" errors="0" failures="0" skipped="0" tests="34" time="9.128" timestamp="2026-09-12T17:10:50.856342+00:00" hostname="agent-env-77c698f7-3cd9-4bbf-b001-d6939b0be2a8"><testcase classname="tests.backend_test.TestRBAC" name="test_student_cannot_list_containers" time="0.733" /><testcase classname="tests.backend_test.TestRBAC" name="test_student_cannot_list_students" time="0.176" /><testcase classname="tests.backend_test.TestAuth" name="test_login_admin" time="0.753" /><testcase classname="tests.backend_test.TestRBAC" name="test_student_cannot_view_analytics" time="0.252" /><testcase classname="tests.backend_test.TestAuth" name="test_login_staff" time="0.411" /><testcase classname="tests.backend_test.TestAuth" name="test_login_student" time="0.345" /><testcase classname="tests.backend_test.TestAuth" name="test_me" time="0.258" /><testcase classname="tests.backend_test.TestAuth" name="test_bad_login" time="0.455" /><testcase classname="tests.backend_test.TestRBAC" name="test_admin_can_list_containers" time="0.741" /><testcase classname="tests.backend_test.TestAuth" name="test_register_new_student" time="0.460" /><testcase classname="tests.backend_test.TestRBAC" name="test_staff_can_list_students" time="0.780" /><testcase classname="tests.backend_test.TestSettings" name="test_admin_get" time="0.134" /><testcase classname="tests.backend_test.TestAlerts" name="test_overdue_lists_seeded" time="0.119" /><testcase classname="tests.backend_test.TestAlerts" name="test_student_cannot_view_overdue" time="0.122" /><testcase classname="tests.backend_test.TestSettings" name="test_staff_get" time="0.123" /><testcase classname="tests.backend_test.TestAlerts" name="test_remind_creates_notification" time="0.965" /><testcase classname="tests.backend_test.TestSettings" name="test_staff_cannot_put" time="0.198" /><testcase classname="tests.backend_test.TestSettings" name="test_admin_put" time="0.145" /><testcase classname="tests.backend_test.TestStudentSelf" name="test_summary" time="0.287" /><testcase classname="tests.backend_test.TestStudentSelf" name="test_container" time="0.142" /><testcase classname="tests.backend_test.TestStudentSelf" name="test_transactions" time="0.138" /><testcase classname="tests.backend_test.TestStudentSelf" name="test_returns" time="0.146" /><testcase classname="tests.backend_test.TestAlerts" name="test_mark_read" time="0.962" /><testcase classname="tests.backend_test.TestWalletTopup" name="test_topup_success" time="0.947" /><testcase classname="tests.backend_test.TestAlerts" name="test_mark_lost_flow" time="0.866" /><testcase classname="tests.backend_test.TestWalletTopup" name="test_topup_reject_zero" time="0.146" /><testcase classname="tests.backend_test.TestWalletTopup" name="test_topup_reject_too_large" time="0.177" /><testcase classname="tests.backend_test.TestWalletTopup" name="test_topup_reject_non_student" time="0.139" /><testcase classname="tests.backend_test.TestESGReport" name="test_admin_report" time="0.117" /><testcase classname="tests.backend_test.TestESGReport" name="test_student_cannot_report" time="0.117" /><testcase classname="tests.backend_test.TestKioskFlow" name="test_full_return_flow" time="2.634" /><testcase classname="tests.backend_test.TestKioskStudentTap" name="test_kiosk_students_public" time="0.123" /><testcase classname="tests.backend_test.TestKioskStudentTap" name="test_kiosk_student_returns_only_issued" time="0.263" /><testcase classname="tests.backend_test.TestAnalytics" name="test_dashboard" time="0.139" /></testsuite></testsuites>